This file contains any messages produced by compilers while
running configure, to aid debugging if configure makes a mistake.

It was created by ruri configure 3.8, which was
generated by GNU Autoconf 2.71.  Invocation command line was

  $ ./configure

## --------- ##
## Platform. ##
## --------- ##

hostname = localhost
uname -m = aarch64
uname -r = 4.14.186+
uname -s = Linux
uname -v = #1 SMP PREEMPT Wed Dec 14 19:01:31 CST 2022

/usr/bin/uname -p = unknown
/bin/uname -X     = unknown

/bin/arch              = aarch64
/usr/bin/arch -k       = unknown
/usr/convex/getsysinfo = unknown
/usr/bin/hostinfo      = unknown
/bin/machine           = unknown
/usr/bin/oslevel       = unknown
/bin/universe          = unknown

PATH: /usr/local/bin/
PATH: /bin/
PATH: /usr/bin/
PATH: /usr/games/
PATH: /usr/local/games/


## ----------- ##
## Core tests. ##
## ----------- ##

configure:2233: looking for aux files: ar-lib missing install-sh compile
configure:2246:  trying ./
configure:2275:   ./ar-lib found
configure:2275:   ./missing found
configure:2257:   ./install-sh found
configure:2275:   ./compile found
configure:2448: checking for gcc
configure:2469: found /bin/gcc
configure:2480: result: gcc
configure:2833: checking for C compiler version
configure:2842: gcc --version >&5
gcc (Debian 12.2.0-14) 12.2.0
Copyright (C) 2022 Free Software Foundation, Inc.
This is free software; see the source for copying conditions.  There is NO
warranty; not even for MERCHANTABILITY or FITNESS FOR A PARTICULAR PURPOSE.

configure:2853: $? = 0
configure:2842: gcc -v >&5
Using built-in specs.
COLLECT_GCC=gcc
COLLECT_LTO_WRAPPER=/usr/lib/gcc/aarch64-linux-gnu/12/lto-wrapper
Target: aarch64-linux-gnu
Configured with: ../src/configure -v --with-pkgversion='Debian 12.2.0-14' --with-bugurl=file:///usr/share/doc/gcc-12/README.Bugs --enable-languages=c,ada,c++,go,d,fortran,objc,obj-c++,m2 --prefix=/usr --with-gcc-major-version-only --program-suffix=-12 --program-prefix=aarch64-linux-gnu- --enable-shared --enable-linker-build-id --libexecdir=/usr/lib --without-included-gettext --enable-threads=posix --libdir=/usr/lib --enable-nls --enable-clocale=gnu --enable-libstdcxx-debug --enable-libstdcxx-time=yes --with-default-libstdcxx-abi=new --enable-gnu-unique-object --disable-libquadmath --disable-libquadmath-support --enable-plugin --enable-default-pie --with-system-zlib --enable-libphobos-checking=release --with-target-system-zlib=auto --enable-objc-gc=auto --enable-multiarch --enable-fix-cortex-a53-843419 --disable-werror --enable-checking=release --build=aarch64-linux-gnu --host=aarch64-linux-gnu --target=aarch64-linux-gnu
Thread model: posix
Supported LTO compression algorithms: zlib zstd
gcc version 12.2.0 (Debian 12.2.0-14) 
configure:2853: $? = 0
configure:2842: gcc -V >&5
gcc: error: unrecognized command-line option '-V'
gcc: fatal error: no input files
compilation terminated.
configure:2853: $? = 1
configure:2842: gcc -qversion >&5
gcc: error: unrecognized command-line option '-qversion'; did you mean '--version'?
gcc: fatal error: no input files
compilation terminated.
configure:2853: $? = 1
configure:2842: gcc -version >&5
gcc: error: unrecognized command-line option '-version'
gcc: fatal error: no input files
compilation terminated.
configure:2853: $? = 1
configure:2873: checking whether the C compiler works
configure:2895: gcc    conftest.c  >&5
configure:2899: $? = 0
configure:2949: result: yes
configure:2952: checking for C compiler default output file name
configure:2954: result: a.out
configure:2960: checking for suffix of executables
configure:2967: gcc -o conftest    conftest.c  >&5
configure:2971: $? = 0
configure:2994: result: 
configure:3016: checking whether we are cross compiling
configure:3024: gcc -o conftest    conftest.c  >&5
configure:3028: $? = 0
configure:3035: ./conftest
configure:3039: $? = 0
configure:3054: result: no
configure:3059: checking for suffix of object files
configure:3082: gcc -c   conftest.c >&5
configure:3086: $? = 0
configure:3108: result: o
configure:3112: checking whether the compiler supports GNU C
configure:3132: gcc -c   conftest.c >&5
configure:3132: $? = 0
configure:3142: result: yes
configure:3153: checking whether gcc accepts -g
configure:3174: gcc -c -g  conftest.c >&5
configure:3174: $? = 0
configure:3218: result: yes
configure:3238: checking for gcc option to enable C11 features
configure:3253: gcc  -c -g -O2  conftest.c >&5
configure:3253: $? = 0
configure:3271: result: none needed
configure:3392: checking whether gcc understands -c and -o together
configure:3415: gcc -c conftest.c -o conftest2.o
configure:3418: $? = 0
configure:3415: gcc -c conftest.c -o conftest2.o
configure:3418: $? = 0
configure:3430: result: yes
configure:3464: checking for a BSD-compatible install
configure:3537: result: /bin/install -c
configure:3548: checking whether build environment is sane
configure:3603: result: yes
configure:3758: checking for a race-free mkdir -p
configure:3802: result: /bin/mkdir -p
configure:3809: checking for gawk
configure:3830: found /bin/gawk
configure:3841: result: gawk
configure:3852: checking whether make sets $(MAKE)
configure:3875: result: yes
configure:3897: checking whether make supports the include directive
configure:3912: make -f confmf.GNU && cat confinc.out
this is the am__doit target
configure:3915: $? = 0
configure:3934: result: yes (GNU style)
configure:3969: checking whether make supports nested variables
configure:3987: result: yes
configure:4068: checking dependency style of gcc
configure:4180: result: gcc3
configure:4309: checking for ranlib
configure:4330: found /bin/ranlib
configure:4341: result: ranlib
configure:4419: checking for ar
configure:4440: found /bin/ar
configure:4451: result: ar
configure:4477: checking the archiver (ar) interface
configure:4494: gcc -c -g -O2  conftest.c >&5
configure:4494: $? = 0
configure:4497: ar cru libconftest.a conftest.o >&5
ar: `u' modifier ignored since `D' is the default (see `U')
configure:4500: $? = 0
configure:4528: result: ar
configure:4548: checking whether make sets $(MAKE)
configure:4571: result: yes
configure:4592: checking whether make supports nested variables
configure:4610: result: yes
configure:4671: checking for strip
configure:4692: found /bin/strip
configure:4703: result: strip
configure:4727: checking for upx
configure:4748: found /bin/upx
configure:4760: result: upx
configure:4786: STRIP detected, enabling binary stripping.
configure:4794: UPX detected, enabling binary compression.
configure:4806: checking for stdio.h
configure:4806: gcc -c -g -O2  conftest.c >&5
configure:4806: $? = 0
configure:4806: result: yes
configure:4806: checking for stdlib.h
configure:4806: gcc -c -g -O2  conftest.c >&5
configure:4806: $? = 0
configure:4806: result: yes
configure:4806: checking for string.h
configure:4806: gcc -c -g -O2  conftest.c >&5
configure:4806: $? = 0
configure:4806: result: yes
configure:4806: checking for inttypes.h
configure:4806: gcc -c -g -O2  conftest.c >&5
configure:4806: $? = 0
configure:4806: result: yes
configure:4806: checking for stdint.h
configure:4806: gcc -c -g -O2  conftest.c >&5
configure:4806: $? = 0
configure:4806: result: yes
configure:4806: checking for strings.h
configure:4806: gcc -c -g -O2  conftest.c >&5
configure:4806: $? = 0
configure:4806: result: yes
configure:4806: checking for sys/stat.h
configure:4806: gcc -c -g -O2  conftest.c >&5
configure:4806: $? = 0
configure:4806: result: yes
configure:4806: checking for sys/types.h
configure:4806: gcc -c -g -O2  conftest.c >&5
configure:4806: $? = 0
configure:4806: result: yes
configure:4806: checking for unistd.h
configure:4806: gcc -c -g -O2  conftest.c >&5
configure:4806: $? = 0
configure:4806: result: yes
configure:4831: checking for time.h
configure:4831: gcc -c -g -O2  conftest.c >&5
configure:4831: $? = 0
configure:4831: result: yes
configure:4837: checking for grp.h
configure:4837: gcc -c -g -O2  conftest.c >&5
configure:4837: $? = 0
configure:4837: result: yes
configure:4843: checking for fcntl.h
configure:4843: gcc -c -g -O2  conftest.c >&5
configure:4843: $? = 0
configure:4843: result: yes
configure:4849: checking for sys/ioctl.h
configure:4849: gcc -c -g -O2  conftest.c >&5
configure:4849: $? = 0
configure:4849: result: yes
configure:4855: checking for sys/mount.h
configure:4855: gcc -c -g -O2  conftest.c >&5
configure:4855: $? = 0
configure:4855: result: yes
configure:4861: checking for sys/socket.h
configure:4861: gcc -c -g -O2  conftest.c >&5
configure:4861: $? = 0
configure:4861: result: yes
configure:4867: checking for linux/fs.h
configure:4867: gcc -c -g -O2  conftest.c >&5
configure:4867: $? = 0
configure:4867: result: yes
configure:4873: checking for linux/version.h
configure:4873: gcc -c -g -O2  conftest.c >&5
configure:4873: $? = 0
configure:4873: result: yes
configure:4879: checking for linux/sched.h
configure:4879: gcc -c -g -O2  conftest.c >&5
configure:4879: $? = 0
configure:4879: result: yes
configure:4889: checking for sys/capability.h
configure:4889: gcc -c -g -O2  conftest.c >&5
configure:4889: $? = 0
configure:4889: result: yes
configure:4889: checking for seccomp.h
configure:4889: gcc -c -g -O2  conftest.c >&5
configure:4889: $? = 0
configure:4889: result: yes
configure:4889: checking for pthread.h
configure:4889: gcc -c -g -O2  conftest.c >&5
configure:4889: $? = 0
configure:4889: result: yes
configure:4903: checking for library containing cap_init
configure:4933: gcc -o conftest -g -O2   conftest.c  >&5
/bin/ld: /tmp/ccDuhiq9.o: in function `main':
/home/user/T/conftest.c:41: undefined reference to `cap_init'
collect2: error: ld returned 1 exit status
configure:4933: $? = 1
configure: failed program was:
| /* confdefs.h */
| #define PACKAGE_NAME "ruri"
| #define PACKAGE_TARNAME "ruri"
| #define PACKAGE_VERSION "3.8"
| #define PACKAGE_STRING "ruri 3.8"
| #define PACKAGE_BUGREPORT "moe-hacker@crack.moe"
| #define PACKAGE_URL ""
| #define PACKAGE "ruri"
| #define VERSION "3.8"
| #define HAVE_STDIO_H 1
| #define HAVE_STDLIB_H 1
| #define HAVE_STRING_H 1
| #define HAVE_INTTYPES_H 1
| #define HAVE_STDINT_H 1
| #define HAVE_STRINGS_H 1
| #define HAVE_SYS_STAT_H 1
| #define HAVE_SYS_TYPES_H 1
| #define HAVE_UNISTD_H 1
| #define STDC_HEADERS 1
| #define HAVE_TIME_H 1
| #define HAVE_GRP_H 1
| #define HAVE_FCNTL_H 1
| #define HAVE_SYS_IOCTL_H 1
| #define HAVE_SYS_MOUNT_H 1
| #define HAVE_SYS_SOCKET_H 1
| #define HAVE_LINUX_FS_H 1
| #define HAVE_LINUX_VERSION_H 1
| #define HAVE_LINUX_SCHED_H 1
| #define HAVE_SYS_CAPABILITY_H 1
| #define HAVE_SECCOMP_H 1
| #define HAVE_PTHREAD_H 1
| /* end confdefs.h.  */
| 
| /* Override any GCC internal prototype to avoid an error.
|    Use char because int might match the return type of a GCC
|    builtin and then its argument prototype would still apply.  */
| char cap_init ();
| int
| main (void)
| {
| return cap_init ();
|   ;
|   return 0;
| }
configure:4933: gcc -o conftest -g -O2   conftest.c -lcap   >&5
configure:4933: $? = 0
configure:4953: result: -lcap
configure:4964: checking for library containing seccomp_init
configure:4994: gcc -o conftest -g -O2   conftest.c -lcap  >&5
/bin/ld: /tmp/ccTM6xdd.o: in function `main':
/home/user/T/conftest.c:41: undefined reference to `seccomp_init'
collect2: error: ld returned 1 exit status
configure:4994: $? = 1
configure: failed program was:
| /* confdefs.h */
| #define PACKAGE_NAME "ruri"
| #define PACKAGE_TARNAME "ruri"
| #define PACKAGE_VERSION "3.8"
| #define PACKAGE_STRING "ruri 3.8"
| #define PACKAGE_BUGREPORT "moe-hacker@crack.moe"
| #define PACKAGE_URL ""
| #define PACKAGE "ruri"
| #define VERSION "3.8"
| #define HAVE_STDIO_H 1
| #define HAVE_STDLIB_H 1
| #define HAVE_STRING_H 1
| #define HAVE_INTTYPES_H 1
| #define HAVE_STDINT_H 1
| #define HAVE_STRINGS_H 1
| #define HAVE_SYS_STAT_H 1
| #define HAVE_SYS_TYPES_H 1
| #define HAVE_UNISTD_H 1
| #define STDC_HEADERS 1
| #define HAVE_TIME_H 1
| #define HAVE_GRP_H 1
| #define HAVE_FCNTL_H 1
| #define HAVE_SYS_IOCTL_H 1
| #define HAVE_SYS_MOUNT_H 1
| #define HAVE_SYS_SOCKET_H 1
| #define HAVE_LINUX_FS_H 1
| #define HAVE_LINUX_VERSION_H 1
| #define HAVE_LINUX_SCHED_H 1
| #define HAVE_SYS_CAPABILITY_H 1
| #define HAVE_SECCOMP_H 1
| #define HAVE_PTHREAD_H 1
| /* end confdefs.h.  */
| 
| /* Override any GCC internal prototype to avoid an error.
|    Use char because int might match the return type of a GCC
|    builtin and then its argument prototype would still apply.  */
| char seccomp_init ();
| int
| main (void)
| {
| return seccomp_init ();
|   ;
|   return 0;
| }
configure:4994: gcc -o conftest -g -O2   conftest.c -lseccomp  -lcap  >&5
configure:4994: $? = 0
configure:5014: result: -lseccomp
configure:5025: checking for library containing pthread_create
configure:5055: gcc -o conftest -g -O2   conftest.c -lseccomp -lcap  >&5
configure:5055: $? = 0
configure:5075: result: none required
configure:5115: checking whether the following CFLAGS are supported
configure:5119: checking whether -flto=auto is supported
configure:5134: gcc -c -g -O2 -flto=auto  conftest.c >&5
configure:5134: $? = 0
configure:5136: result: yes
configure:5119: checking whether -fPIE is supported
configure:5134: gcc -c -g -O2 -flto=auto -fPIE  conftest.c >&5
configure:5134: $? = 0
configure:5136: result: yes
configure:5119: checking whether -pie is supported
configure:5134: gcc -c -g -O2 -flto=auto -fPIE -pie  conftest.c >&5
configure:5134: $? = 0
configure:5136: result: yes
configure:5119: checking whether -fstack-protector-all is supported
configure:5134: gcc -c -g -O2 -flto=auto -fPIE -pie -fstack-protector-all  conftest.c >&5
configure:5134: $? = 0
configure:5136: result: yes
configure:5119: checking whether -fdata-sections is supported
configure:5134: gcc -c -g -O2 -flto=auto -fPIE -pie -fstack-protector-all -fdata-sections  conftest.c >&5
configure:5134: $? = 0
configure:5136: result: yes
configure:5119: checking whether -fno-omit-frame-pointer is supported
configure:5134: gcc -c -g -O2 -flto=auto -fPIE -pie -fstack-protector-all -fdata-sections -fno-omit-frame-pointer  conftest.c >&5
configure:5134: $? = 0
configure:5136: result: yes
configure:5119: checking whether -fno-stack-protector is supported
configure:5134: gcc -c -g -O2 -flto=auto -fPIE -pie -fstack-protector-all -fdata-sections -fno-omit-frame-pointer -fno-stack-protector  conftest.c >&5
configure:5134: $? = 0
configure:5136: result: yes
configure:5119: checking whether -ftrivial-auto-var-init=pattern is supported
configure:5134: gcc -c -g -O2 -flto=auto -fPIE -pie -fstack-protector-all -fdata-sections -fno-omit-frame-pointer -fno-stack-protector -ftrivial-auto-var-init=pattern  conftest.c >&5
configure:5134: $? = 0
configure:5136: result: yes
configure:5119: checking whether -fstack-clash-protection is supported
configure:5134: gcc -c -g -O2 -flto=auto -fPIE -pie -fstack-protector-all -fdata-sections -fno-omit-frame-pointer -fno-stack-protector -ftrivial-auto-var-init=pattern -fstack-clash-protection  conftest.c >&5
configure:5134: $? = 0
configure:5136: result: yes
configure:5119: checking whether -Wno-unused-result is supported
configure:5134: gcc -c -g -O2 -flto=auto -fPIE -pie -fstack-protector-all -fdata-sections -fno-omit-frame-pointer -fno-stack-protector -ftrivial-auto-var-init=pattern -fstack-clash-protection -Wno-unused-result  conftest.c >&5
configure:5134: $? = 0
configure:5136: result: yes
configure:5119: checking whether -mshstk is supported
configure:5134: gcc -c -g -O2 -flto=auto -fPIE -pie -fstack-protector-all -fdata-sections -fno-omit-frame-pointer -fno-stack-protector -ftrivial-auto-var-init=pattern -fstack-clash-protection -Wno-unused-result -mshstk  conftest.c >&5
gcc: error: unrecognized command-line option '-mshstk'
configure:5134: $? = 1
configure: failed program was:
| /* confdefs.h */
| #define PACKAGE_NAME "ruri"
| #define PACKAGE_TARNAME "ruri"
| #define PACKAGE_VERSION "3.8"
| #define PACKAGE_STRING "ruri 3.8"
| #define PACKAGE_BUGREPORT "moe-hacker@crack.moe"
| #define PACKAGE_URL ""
| #define PACKAGE "ruri"
| #define VERSION "3.8"
| #define HAVE_STDIO_H 1
| #define HAVE_STDLIB_H 1
| #define HAVE_STRING_H 1
| #define HAVE_INTTYPES_H 1
| #define HAVE_STDINT_H 1
| #define HAVE_STRINGS_H 1
| #define HAVE_SYS_STAT_H 1
| #define HAVE_SYS_TYPES_H 1
| #define HAVE_UNISTD_H 1
| #define STDC_HEADERS 1
| #define HAVE_TIME_H 1
| #define HAVE_GRP_H 1
| #define HAVE_FCNTL_H 1
| #define HAVE_SYS_IOCTL_H 1
| #define HAVE_SYS_MOUNT_H 1
| #define HAVE_SYS_SOCKET_H 1
| #define HAVE_LINUX_FS_H 1
| #define HAVE_LINUX_VERSION_H 1
| #define HAVE_LINUX_SCHED_H 1
| #define HAVE_SYS_CAPABILITY_H 1
| #define HAVE_SECCOMP_H 1
| #define HAVE_PTHREAD_H 1
| /* end confdefs.h.  */
| 
| int
| main (void)
| {
| 
|   ;
|   return 0;
| }
configure:5139: result: no
configure:5119: checking whether -ffunction-sections is supported
configure:5134: gcc -c -g -O2 -flto=auto -fPIE -pie -fstack-protector-all -fdata-sections -fno-omit-frame-pointer -fno-stack-protector -ftrivial-auto-var-init=pattern -fstack-clash-protection -Wno-unused-result -ffunction-sections  conftest.c >&5
configure:5134: $? = 0
configure:5136: result: yes
configure:5119: checking whether -fdata-sections is supported
configure:5134: gcc -c -g -O2 -flto=auto -fPIE -pie -fstack-protector-all -fdata-sections -fno-omit-frame-pointer -fno-stack-protector -ftrivial-auto-var-init=pattern -fstack-clash-protection -Wno-unused-result -ffunction-sections -fdata-sections  conftest.c >&5
configure:5134: $? = 0
configure:5136: result: yes
configure:5119: checking whether -Wl,--gc-sections is supported
configure:5134: gcc -c -g -O2 -flto=auto -fPIE -pie -fstack-protector-all -fdata-sections -fno-omit-frame-pointer -fno-stack-protector -ftrivial-auto-var-init=pattern -fstack-clash-protection -Wno-unused-result -ffunction-sections -fdata-sections -Wl,--gc-sections  conftest.c >&5
configure:5134: $? = 0
configure:5136: result: yes
configure:5119: checking whether -Wl,--strip-all is supported
configure:5134: gcc -c -g -O2 -flto=auto -fPIE -pie -fstack-protector-all -fdata-sections -fno-omit-frame-pointer -fno-stack-protector -ftrivial-auto-var-init=pattern -fstack-clash-protection -Wno-unused-result -ffunction-sections -fdata-sections -Wl,--gc-sections -Wl,--strip-all  conftest.c >&5
configure:5134: $? = 0
configure:5136: result: yes
configure:5119: checking whether -Wl,--disable-new-dtags is supported
configure:5134: gcc -c -g -O2 -flto=auto -fPIE -pie -fstack-protector-all -fdata-sections -fno-omit-frame-pointer -fno-stack-protector -ftrivial-auto-var-init=pattern -fstack-clash-protection -Wno-unused-result -ffunction-sections -fdata-sections -Wl,--gc-sections -Wl,--strip-all -Wl,--disable-new-dtags  conftest.c >&5
configure:5134: $? = 0
configure:5136: result: yes
configure:5119: checking whether -Wl,--build-id=sha1 is supported
configure:5134: gcc -c -g -O2 -flto=auto -fPIE -pie -fstack-protector-all -fdata-sections -fno-omit-frame-pointer -fno-stack-protector -ftrivial-auto-var-init=pattern -fstack-clash-protection -Wno-unused-result -ffunction-sections -fdata-sections -Wl,--gc-sections -Wl,--strip-all -Wl,--disable-new-dtags -Wl,--build-id=sha1  conftest.c >&5
configure:5134: $? = 0
configure:5136: result: yes
configure:5119: checking whether -Wl,-z,norelro is supported
configure:5134: gcc -c -g -O2 -flto=auto -fPIE -pie -fstack-protector-all -fdata-sections -fno-omit-frame-pointer -fno-stack-protector -ftrivial-auto-var-init=pattern -fstack-clash-protection -Wno-unused-result -ffunction-sections -fdata-sections -Wl,--gc-sections -Wl,--strip-all -Wl,--disable-new-dtags -Wl,--build-id=sha1 -Wl,-z,norelro  conftest.c >&5
configure:5134: $? = 0
configure:5136: result: yes
configure:5119: checking whether -Wl,-z,execstack is supported
configure:5134: gcc -c -g -O2 -flto=auto -fPIE -pie -fstack-protector-all -fdata-sections -fno-omit-frame-pointer -fno-stack-protector -ftrivial-auto-var-init=pattern -fstack-clash-protection -Wno-unused-result -ffunction-sections -fdata-sections -Wl,--gc-sections -Wl,--strip-all -Wl,--disable-new-dtags -Wl,--build-id=sha1 -Wl,-z,norelro -Wl,-z,execstack  conftest.c >&5
configure:5134: $? = 0
configure:5136: result: yes
configure:5119: checking whether -Wall is supported
configure:5134: gcc -c -g -O2 -flto=auto -fPIE -pie -fstack-protector-all -fdata-sections -fno-omit-frame-pointer -fno-stack-protector -ftrivial-auto-var-init=pattern -fstack-clash-protection -Wno-unused-result -ffunction-sections -fdata-sections -Wl,--gc-sections -Wl,--strip-all -Wl,--disable-new-dtags -Wl,--build-id=sha1 -Wl,-z,norelro -Wl,-z,execstack -Wall  conftest.c >&5
configure:5134: $? = 0
configure:5136: result: yes
configure:5119: checking whether -Wextra is supported
configure:5134: gcc -c -g -O2 -flto=auto -fPIE -pie -fstack-protector-all -fdata-sections -fno-omit-frame-pointer -fno-stack-protector -ftrivial-auto-var-init=pattern -fstack-clash-protection -Wno-unused-result -ffunction-sections -fdata-sections -Wl,--gc-sections -Wl,--strip-all -Wl,--disable-new-dtags -Wl,--build-id=sha1 -Wl,-z,norelro -Wl,-z,execstack -Wall -Wextra  conftest.c >&5
configure:5134: $? = 0
configure:5136: result: yes
configure:5119: checking whether -Wconversion is supported
configure:5134: gcc -c -g -O2 -flto=auto -fPIE -pie -fstack-protector-all -fdata-sections -fno-omit-frame-pointer -fno-stack-protector -ftrivial-auto-var-init=pattern -fstack-clash-protection -Wno-unused-result -ffunction-sections -fdata-sections -Wl,--gc-sections -Wl,--strip-all -Wl,--disable-new-dtags -Wl,--build-id=sha1 -Wl,-z,norelro -Wl,-z,execstack -Wall -Wextra -Wconversion  conftest.c >&5
configure:5134: $? = 0
configure:5136: result: yes
configure:5119: checking whether -pedantic is supported
configure:5134: gcc -c -g -O2 -flto=auto -fPIE -pie -fstack-protector-all -fdata-sections -fno-omit-frame-pointer -fno-stack-protector -ftrivial-auto-var-init=pattern -fstack-clash-protection -Wno-unused-result -ffunction-sections -fdata-sections -Wl,--gc-sections -Wl,--strip-all -Wl,--disable-new-dtags -Wl,--build-id=sha1 -Wl,-z,norelro -Wl,-z,execstack -Wall -Wextra -Wconversion -pedantic  conftest.c >&5
configure:5134: $? = 0
configure:5136: result: yes
configure:5119: checking whether -pipe is supported
configure:5134: gcc -c -g -O2 -flto=auto -fPIE -pie -fstack-protector-all -fdata-sections -fno-omit-frame-pointer -fno-stack-protector -ftrivial-auto-var-init=pattern -fstack-clash-protection -Wno-unused-result -ffunction-sections -fdata-sections -Wl,--gc-sections -Wl,--strip-all -Wl,--disable-new-dtags -Wl,--build-id=sha1 -Wl,-z,norelro -Wl,-z,execstack -Wall -Wextra -Wconversion -pedantic -pipe  conftest.c >&5
configure:5134: $? = 0
configure:5136: result: yes
configure:5250: checking that generated files are newer than configure
configure:5256: result: done
configure:5291: creating ./config.status

## ---------------------- ##
## Running config.status. ##
## ---------------------- ##

This file was extended by ruri config.status 3.8, which was
generated by GNU Autoconf 2.71.  Invocation command line was

  CONFIG_FILES    = 
  CONFIG_HEADERS  = 
  CONFIG_LINKS    = 
  CONFIG_COMMANDS = 
  $ ./config.status 

on localhost

config.status:870: creating Makefile
config.status:870: creating config.h
config.status:1099: executing depfiles commands
config.status:1176: cd .       && sed -e '/# am--include-marker/d' Makefile         | make -f - am--depfiles
config.status:1181: $? = 0

## ---------------- ##
## Cache variables. ##
## ---------------- ##

ac_cv_c_compiler_gnu=yes
ac_cv_env_CC_set=
ac_cv_env_CC_value=
ac_cv_env_CFLAGS_set=
ac_cv_env_CFLAGS_value=
ac_cv_env_CPPFLAGS_set=
ac_cv_env_CPPFLAGS_value=
ac_cv_env_LDFLAGS_set=
ac_cv_env_LDFLAGS_value=
ac_cv_env_LIBS_set=
ac_cv_env_LIBS_value=
ac_cv_env_build_alias_set=
ac_cv_env_build_alias_value=
ac_cv_env_host_alias_set=
ac_cv_env_host_alias_value=
ac_cv_env_target_alias_set=
ac_cv_env_target_alias_value=
ac_cv_header_fcntl_h=yes
ac_cv_header_grp_h=yes
ac_cv_header_inttypes_h=yes
ac_cv_header_linux_fs_h=yes
ac_cv_header_linux_sched_h=yes
ac_cv_header_linux_version_h=yes
ac_cv_header_pthread_h=yes
ac_cv_header_seccomp_h=yes
ac_cv_header_stdint_h=yes
ac_cv_header_stdio_h=yes
ac_cv_header_stdlib_h=yes
ac_cv_header_string_h=yes
ac_cv_header_strings_h=yes
ac_cv_header_sys_capability_h=yes
ac_cv_header_sys_ioctl_h=yes
ac_cv_header_sys_mount_h=yes
ac_cv_header_sys_socket_h=yes
ac_cv_header_sys_stat_h=yes
ac_cv_header_sys_types_h=yes
ac_cv_header_time_h=yes
ac_cv_header_unistd_h=yes
ac_cv_objext=o
ac_cv_path_install='/bin/install -c'
ac_cv_path_mkdir=/bin/mkdir
ac_cv_prog_AWK=gawk
ac_cv_prog_UPX=upx
ac_cv_prog_ac_ct_AR=ar
ac_cv_prog_ac_ct_CC=gcc
ac_cv_prog_ac_ct_RANLIB=ranlib
ac_cv_prog_ac_ct_STRIP=strip
ac_cv_prog_cc_c11=
ac_cv_prog_cc_g=yes
ac_cv_prog_cc_stdc=
ac_cv_prog_make_make_set=yes
ac_cv_search_cap_init=-lcap
ac_cv_search_pthread_create='none required'
ac_cv_search_seccomp_init=-lseccomp
am_cv_CC_dependencies_compiler_type=gcc3
am_cv_ar_interface=ar
am_cv_make_support_nested_variables=yes
am_cv_prog_cc_c_o=yes

## ----------------- ##
## Output variables. ##
## ----------------- ##

ACLOCAL='${SHELL} '\''/home/user/T/missing'\'' aclocal-1.16'
AMDEPBACKSLASH='\'
AMDEP_FALSE='#'
AMDEP_TRUE=''
AMTAR='$${TAR-tar}'
AM_BACKSLASH='\'
AM_DEFAULT_V='$(AM_DEFAULT_VERBOSITY)'
AM_DEFAULT_VERBOSITY='0'
AM_V='$(V)'
AR='ar'
AUTOCONF='${SHELL} '\''/home/user/T/missing'\'' autoconf'
AUTOHEADER='${SHELL} '\''/home/user/T/missing'\'' autoheader'
AUTOMAKE='${SHELL} '\''/home/user/T/missing'\'' automake-1.16'
AWK='gawk'
CC='gcc'
CCDEPMODE='depmode=gcc3'
CFLAGS='-g -O2 -flto=auto -fPIE -pie -fstack-protector-all -fdata-sections -fno-omit-frame-pointer -fno-stack-protector -ftrivial-auto-var-init=pattern -fstack-clash-protection -Wno-unused-result -ffunction-sections -fdata-sections -Wl,--gc-sections -Wl,--strip-all -Wl,--disable-new-dtags -Wl,--build-id=sha1 -Wl,-z,norelro -Wl,-z,execstack -Wall -Wextra -Wconversion -pedantic -pipe'
CPPFLAGS=''
CSCOPE='cscope'
CTAGS='ctags'
CYGPATH_W='echo'
DEFS='-DHAVE_CONFIG_H'
DEPDIR='.deps'
ECHO_C=''
ECHO_N='-n'
ECHO_T=''
ENABLE_DEBUG_FALSE=''
ENABLE_DEBUG_TRUE='#'
ENABLE_STRIP_FALSE='#'
ENABLE_STRIP_TRUE=''
ENABLE_UPX_FALSE='#'
ENABLE_UPX_TRUE=''
ETAGS='etags'
EXEEXT=''
INSTALL_DATA='${INSTALL} -m 644'
INSTALL_PROGRAM='${INSTALL}'
INSTALL_SCRIPT='${INSTALL}'
INSTALL_STRIP_PROGRAM='$(install_sh) -c -s'
LDFLAGS=' -Wl,-z,relro -Wl,-z,noexecstack -Wl,-z,now'
LIBOBJS=''
LIBS='-lseccomp -lcap '
LTLIBOBJS=''
MAKEINFO='${SHELL} '\''/home/user/T/missing'\'' makeinfo'
MKDIR_P='/bin/mkdir -p'
OBJEXT='o'
PACKAGE='ruri'
PACKAGE_BUGREPORT='moe-hacker@crack.moe'
PACKAGE_NAME='ruri'
PACKAGE_STRING='ruri 3.8'
PACKAGE_TARNAME='ruri'
PACKAGE_URL=''
PACKAGE_VERSION='3.8'
PATH_SEPARATOR=':'
RANLIB='ranlib'
SET_MAKE=''
SHELL='/bin/bash'
STRIP='strip'
UPX='upx'
VERSION='3.8'
ac_ct_AR='ar'
ac_ct_CC='gcc'
am__EXEEXT_FALSE=''
am__EXEEXT_TRUE='#'
am__fastdepCC_FALSE='#'
am__fastdepCC_TRUE=''
am__include='include'
am__isrc=''
am__leading_dot='.'
am__nodep='_no'
am__quote=''
am__tar='$${TAR-tar} chof - "$$tardir"'
am__untar='$${TAR-tar} xf -'
bindir='${exec_prefix}/bin'
build_alias=''
datadir='${datarootdir}'
datarootdir='${prefix}/share'
docdir='${datarootdir}/doc/${PACKAGE_TARNAME}'
dvidir='${docdir}'
exec_prefix='${prefix}'
host_alias=''
htmldir='${docdir}'
includedir='${prefix}/include'
infodir='${datarootdir}/info'
install_sh='${SHELL} /home/user/T/install-sh'
libdir='${exec_prefix}/lib'
libexecdir='${exec_prefix}/libexec'
localedir='${datarootdir}/locale'
localstatedir='${prefix}/var'
mandir='${datarootdir}/man'
mkdir_p='$(MKDIR_P)'
oldincludedir='/usr/include'
pdfdir='${docdir}'
prefix='/usr/local'
program_transform_name='s,x,x,'
psdir='${docdir}'
runstatedir='${localstatedir}/run'
sbindir='${exec_prefix}/sbin'
sharedstatedir='${prefix}/com'
sysconfdir='${prefix}/etc'
target_alias=''

## ----------- ##
## confdefs.h. ##
## ----------- ##

/* confdefs.h */
#define PACKAGE_NAME "ruri"
#define PACKAGE_TARNAME "ruri"
#define PACKAGE_VERSION "3.8"
#define PACKAGE_STRING "ruri 3.8"
#define PACKAGE_BUGREPORT "moe-hacker@crack.moe"
#define PACKAGE_URL ""
#define PACKAGE "ruri"
#define VERSION "3.8"
#define HAVE_STDIO_H 1
#define HAVE_STDLIB_H 1
#define HAVE_STRING_H 1
#define HAVE_INTTYPES_H 1
#define HAVE_STDINT_H 1
#define HAVE_STRINGS_H 1
#define HAVE_SYS_STAT_H 1
#define HAVE_SYS_TYPES_H 1
#define HAVE_UNISTD_H 1
#define STDC_HEADERS 1
#define HAVE_TIME_H 1
#define HAVE_GRP_H 1
#define HAVE_FCNTL_H 1
#define HAVE_SYS_IOCTL_H 1
#define HAVE_SYS_MOUNT_H 1
#define HAVE_SYS_SOCKET_H 1
#define HAVE_LINUX_FS_H 1
#define HAVE_LINUX_VERSION_H 1
#define HAVE_LINUX_SCHED_H 1
#define HAVE_SYS_CAPABILITY_H 1
#define HAVE_SECCOMP_H 1
#define HAVE_PTHREAD_H 1

configure: exit 0
